2014.07.22 21:52:42.494 CST INFO: *** SYSTEM START ***
2014.07.22 21:52:44.034 CST WARNING: [Local Folder Repository] The specified file must be a directory. (C:\Users\Paolo\Documents\Workstation\OWLOntology\plugins\edu.stanford.smi.protegex.owl) -- LocalFolderRepository.update()
2014.07.22 21:52:44.106 CST INFO: Loading triples for: null -- ProtegeOWLParser.loadTriples()
2014.07.22 21:52:44.847 CST INFO:     Completed triple loading after 493 ms -- ProtegeOWLParser.loadTriples()
2014.07.22 21:52:44.850 CST INFO: Postprocess: Process entities with incorrect Java type (0 entities) ...  -- TriplePostProcessor.processFramesWithWrongJavaType()
2014.07.22 21:52:44.851 CST INFO: 0 ms
 -- TriplePostProcessor.processFramesWithWrongJavaType()
2014.07.22 21:52:44.852 CST INFO: Postprocess: Process metaclasses (3 metaclasses) ...  -- TriplePostProcessor.processMetaclasses()
2014.07.22 21:52:44.852 CST INFO: 0 ms
 -- TriplePostProcessor.processMetaclasses()
2014.07.22 21:52:44.852 CST INFO: Postprocess: Process subclasses of rdf:List (1 classes) ...  -- TriplePostProcessor.processSubclassesOfRdfList()
2014.07.22 21:52:44.853 CST INFO: 0 ms
 -- TriplePostProcessor.processSubclassesOfRdfList()
2014.07.22 21:52:44.853 CST INFO: Postprocess: Instances with multiple types (1 instances) ...  -- TriplePostProcessor.processInstancesWithMultipleTypes()
2014.07.22 21:52:44.854 CST INFO: 1 ms
 -- TriplePostProcessor.processInstancesWithMultipleTypes()
2014.07.22 21:52:44.854 CST INFO: Postprocess: Add inferred superclasses ...  -- TriplePostProcessor.processInferredSuperclasses()
2014.07.22 21:52:44.855 CST INFO: 0 ms
 -- TriplePostProcessor.processInferredSuperclasses()
2014.07.22 21:52:44.859 CST INFO: Postprocess: Process orphan classes (8 classes) ...  -- TriplePostProcessor.processOrphanClses()
2014.07.22 21:52:44.862 CST INFO: 3 ms
 -- TriplePostProcessor.processOrphanClses()
2014.07.22 21:52:44.862 CST INFO: Postprocess: Generalized Concept Inclusion (0 axioms) ...  -- TriplePostProcessor.processGeneralizedConceptInclusions()
2014.07.22 21:52:44.862 CST INFO: 0 ms
 -- TriplePostProcessor.processGeneralizedConceptInclusions()
2014.07.22 21:52:44.865 CST INFO: Postprocess: Abstract classes...  -- TriplePostProcessor.processAbstractClasses()
2014.07.22 21:52:44.865 CST INFO: 0 ms
 -- TriplePostProcessor.processAbstractClasses()
2014.07.22 21:52:44.865 CST INFO: Postprocess: Domain and range of properties...  -- TriplePostProcessor.processDomainAndRange()
2014.07.22 21:52:44.868 CST INFO: 2 ms
 -- TriplePostProcessor.processDomainAndRange()
2014.07.22 21:52:44.869 CST INFO: Postprocess: Possibly typed entities (0 resources) ...  -- TriplePostProcessor.processPossiblyTypedResources()
2014.07.22 21:52:44.869 CST INFO: 0 ms
 -- TriplePostProcessor.processPossiblyTypedResources()
2014.07.22 21:52:44.870 CST INFO: Updating underlying frames model in 0 ms -- ProtegeOWLParser.doFinalPostProcessing()
2014.07.22 21:56:45.059 CST INFO: *** SYSTEM START ***
2014.07.22 21:56:46.448 CST WARNING: [Local Folder Repository] The specified file must be a directory. (C:\Users\Paolo\Documents\Workstation\OWLOntology\plugins\edu.stanford.smi.protegex.owl) -- LocalFolderRepository.update()
2014.07.22 21:56:46.505 CST INFO: Loading triples for: null -- ProtegeOWLParser.loadTriples()
2014.07.22 21:56:47.102 CST INFO:     Completed triple loading after 397 ms -- ProtegeOWLParser.loadTriples()
2014.07.22 21:56:47.106 CST INFO: Postprocess: Process entities with incorrect Java type (0 entities) ...  -- TriplePostProcessor.processFramesWithWrongJavaType()
2014.07.22 21:56:47.106 CST INFO: 0 ms
 -- TriplePostProcessor.processFramesWithWrongJavaType()
2014.07.22 21:56:47.107 CST INFO: Postprocess: Process metaclasses (3 metaclasses) ...  -- TriplePostProcessor.processMetaclasses()
2014.07.22 21:56:47.107 CST INFO: 0 ms
 -- TriplePostProcessor.processMetaclasses()
2014.07.22 21:56:47.108 CST INFO: Postprocess: Process subclasses of rdf:List (1 classes) ...  -- TriplePostProcessor.processSubclassesOfRdfList()
2014.07.22 21:56:47.108 CST INFO: 0 ms
 -- TriplePostProcessor.processSubclassesOfRdfList()
2014.07.22 21:56:47.109 CST INFO: Postprocess: Instances with multiple types (1 instances) ...  -- TriplePostProcessor.processInstancesWithMultipleTypes()
2014.07.22 21:56:47.110 CST INFO: 1 ms
 -- TriplePostProcessor.processInstancesWithMultipleTypes()
2014.07.22 21:56:47.110 CST INFO: Postprocess: Add inferred superclasses ...  -- TriplePostProcessor.processInferredSuperclasses()
2014.07.22 21:56:47.111 CST INFO: 0 ms
 -- TriplePostProcessor.processInferredSuperclasses()
2014.07.22 21:56:47.116 CST INFO: Postprocess: Process orphan classes (8 classes) ...  -- TriplePostProcessor.processOrphanClses()
2014.07.22 21:56:47.119 CST INFO: 3 ms
 -- TriplePostProcessor.processOrphanClses()
2014.07.22 21:56:47.119 CST INFO: Postprocess: Generalized Concept Inclusion (0 axioms) ...  -- TriplePostProcessor.processGeneralizedConceptInclusions()
2014.07.22 21:56:47.120 CST INFO: 1 ms
 -- TriplePostProcessor.processGeneralizedConceptInclusions()
2014.07.22 21:56:47.123 CST INFO: Postprocess: Abstract classes...  -- TriplePostProcessor.processAbstractClasses()
2014.07.22 21:56:47.123 CST INFO: 0 ms
 -- TriplePostProcessor.processAbstractClasses()
2014.07.22 21:56:47.123 CST INFO: Postprocess: Domain and range of properties...  -- TriplePostProcessor.processDomainAndRange()
2014.07.22 21:56:47.126 CST INFO: 2 ms
 -- TriplePostProcessor.processDomainAndRange()
2014.07.22 21:56:47.127 CST INFO: Postprocess: Possibly typed entities (0 resources) ...  -- TriplePostProcessor.processPossiblyTypedResources()
2014.07.22 21:56:47.128 CST INFO: 1 ms
 -- TriplePostProcessor.processPossiblyTypedResources()
2014.07.22 21:56:47.129 CST INFO: Updating underlying frames model in 1 ms -- ProtegeOWLParser.doFinalPostProcessing()
